[0m00:15:33.976067 [debug] [MainThread]: Sending event: {'category': 'dbt', 'action': 'invocation', 'label': 'start', 'context': [<snowplow_tracker.self_describing_json.SelfDescribingJson object at 0x0000024FF9537450>, <snowplow_tracker.self_describing_json.SelfDescribingJson object at 0x0000024FF9537910>, <snowplow_tracker.self_describing_json.SelfDescribingJson object at 0x0000024FF94D2490>]}
[0m00:15:33.980613 [debug] [MainThread]: An error was encountered while trying to send an event


============================== 00:15:33.981180 | 3067a3a0-30ab-4527-abef-5326836c599b ==============================
[0m00:15:33.981180 [info ] [MainThread]: Running with dbt=1.11.4
[0m00:15:33.981180 [debug] [MainThread]: running dbt with arguments {'version_check': 'True', 'no_print': 'None', 'static_parser': 'True', 'warn_error_options': 'WarnErrorOptionsV2(error=[], warn=[], silence=[])', 'target_path': 'None', 'printer_width': '80', 'write_json': 'True', 'empty': 'None', 'log_cache_events': 'False', 'introspect': 'True', 'cache_selected_only': 'False', 'fail_fast': 'False', 'debug': 'False', 'log_format': 'default', 'partial_parse': 'True', 'send_anonymous_usage_stats': 'True', 'quiet': 'False', 'warn_error': 'None', 'profiles_dir': 'C:\\Users\\Daniel\\.dbt', 'indirect_selection': 'eager', 'invocation_command': 'dbt init ny_taxi_trips_hw4', 'use_colors': 'True', 'use_experimental_parser': 'False', 'log_path': 'logs'}
[0m00:15:34.011287 [debug] [MainThread]: Starter project path: C:\Users\Daniel\AppData\Local\Programs\Python\Python311\Lib\site-packages\dbt\include\starter_project
[0m00:15:34.029492 [info ] [MainThread]: 
Your new dbt project "ny_taxi_trips_hw4" was created!

For more information on how to configure the profiles.yml file,
please consult the dbt documentation here:

  https://docs.getdbt.com/docs/configure-your-profile

One more thing:

Need help? Don't hesitate to reach out to us via GitHub issues or on Slack:

  https://community.getdbt.com/

Happy modeling!

[0m00:15:34.030492 [info ] [MainThread]: Setting up your profile.
[0m00:16:12.826149 [info ] [MainThread]: Profile ny_taxi_trips_hw4 written to C:\Users\Daniel\.dbt\profiles.yml using target's profile_template.yml and your supplied values. Run 'dbt debug' to validate the connection.
[0m00:16:12.829681 [debug] [MainThread]: Command `dbt init` succeeded at 00:16:12.828679 after 38.97 seconds
[0m00:16:12.831912 [debug] [MainThread]: Sending event: {'category': 'dbt', 'action': 'invocation', 'label': 'end', 'context': [<snowplow_tracker.self_describing_json.SelfDescribingJson object at 0x0000024FF9542B50>, <snowplow_tracker.self_describing_json.SelfDescribingJson object at 0x0000024FF94D8110>, <snowplow_tracker.self_describing_json.SelfDescribingJson object at 0x0000024FF402EC50>]}
[0m00:16:12.832916 [debug] [MainThread]: An error was encountered while trying to send an event
[0m00:16:12.834295 [debug] [MainThread]: Flushing usage events
